<?xml version="1.0" encoding="UTF-8"?>
<beans xmlns="http://www.springframework.org/schema/beans"
       xmlns:xsi="http://www.w3.org/2001/XMLSchema-instance"
       xmlns:mongo="http://www.springframework.org/schema/data/mongo"
       xsi:schemaLocation="http://www.springframework.org/schema/beans
	   					   http://www.springframework.org/schema/beans/spring-beans-3.0.xsd
	   					   http://www.springframework.org/schema/data/mongo
	   					   http://www.springframework.org/schema/data/mongo/spring-mongo-1.0.xsd">

	<bean id="personController" class="be.seriousbusiness.java.mongodb.repository.PersonController"/>
	
	<bean id="personRepository" class="be.seriousbusiness.java.mongodb.repository.PersonRepository"/>
	
	<!--  MongoDB -->
	
	<mongo:mongo id="testMongo" host="localhost" port="27017" />
	
	<mongo:db-factory id="testMongoDbFactory" dbname="testMongodb" mongo-ref="testMongo" />
  
	<bean id="mongoTemplate" class="org.springframework.data.mongodb.core.MongoTemplate">
		<!-- Example: using the mongo:db-factory -->
		<constructor-arg name="mongoDbFactory" ref="testMongoDbFactory" />
		<!-- Example: using parameters -->
		<!--
	  	<constructor-arg ref="testMongo" />
	  	<constructor-arg value="testMongodb" />
	  	-->
	</bean>

	<mongo:repositories base-package="be.seriousbusiness.java.mongodb.repository" />
</beans>